0 info it worked if it ends with ok
1 verbose cli [ 'node', '/usr/local/bin/npm', 'install', '-g' ]
2 info using npm@1.1.61
3 info using node@v0.8.9
4 verbose read json /usr/local/lib/package.json
5 verbose read json /usr/local/lib/package.json
6 verbose cache add [ '.', null ]
7 silly cache add name=undefined spec="." args=[".",null]
8 verbose parsed url { pathname: '.', path: '.', href: '.' }
9 silly lockFile 3a52ce78- .
10 verbose lock . /Users/bwhitham/.npm/3a52ce78-.lock
11 verbose read json package.json
12 verbose tar pack [ '/var/folders/1p/37g1kr5s4vq_zfcgt3gz38d86rcxw6/T/npm-69678/1380222825245-0.8501262830104679/tmp.tgz',
12 verbose tar pack   '.' ]
13 verbose tarball /var/folders/1p/37g1kr5s4vq_zfcgt3gz38d86rcxw6/T/npm-69678/1380222825245-0.8501262830104679/tmp.tgz
14 verbose folder .
15 info prepublish node.ph@0.2.0-51
16 silly lockFile 80ddfb29-25245-0-8501262830104679-tmp-tgz /var/folders/1p/37g1kr5s4vq_zfcgt3gz38d86rcxw6/T/npm-69678/1380222825245-0.8501262830104679/tmp.tgz
17 verbose lock /var/folders/1p/37g1kr5s4vq_zfcgt3gz38d86rcxw6/T/npm-69678/1380222825245-0.8501262830104679/tmp.tgz /Users/bwhitham/.npm/80ddfb29-25245-0-8501262830104679-tmp-tgz.lock
18 silly lockFile 80ddfb29-25245-0-8501262830104679-tmp-tgz /var/folders/1p/37g1kr5s4vq_zfcgt3gz38d86rcxw6/T/npm-69678/1380222825245-0.8501262830104679/tmp.tgz
19 verbose tar unpack /var/folders/1p/37g1kr5s4vq_zfcgt3gz38d86rcxw6/T/npm-69678/1380222825245-0.8501262830104679/tmp.tgz
20 silly lockFile 4ff39598-25245-0-8501262830104679-package /var/folders/1p/37g1kr5s4vq_zfcgt3gz38d86rcxw6/T/npm-69678/1380222825245-0.8501262830104679/package
21 verbose lock /var/folders/1p/37g1kr5s4vq_zfcgt3gz38d86rcxw6/T/npm-69678/1380222825245-0.8501262830104679/package /Users/bwhitham/.npm/4ff39598-25245-0-8501262830104679-package.lock
22 silly gunzTarPerm modes [ '755', '644' ]
23 silly gunzTarPerm extractEntry package.json
24 silly gunzTarPerm extractEntry .npmignore
25 silly gunzTarPerm extractEntry README.md
26 silly gunzTarPerm extractEntry app.js
27 silly gunzTarPerm extractEntry data/events.json
28 silly gunzTarPerm extractEntry lib/logger.js
29 silly gunzTarPerm extractEntry views/blog/category.jade
30 silly gunzTarPerm extractEntry views/blog/page.jade
31 silly gunzTarPerm extractEntry views/blog/post.jade
32 silly gunzTarPerm extractEntry views/blog/tag.jade
33 silly gunzTarPerm extractEntry views/connect.jade
34 silly gunzTarPerm extractEntry views/events.jade
35 silly gunzTarPerm extractEntry views/gallery.jade
36 silly gunzTarPerm extractEntry views/hackandhops.jade
37 silly gunzTarPerm extractEntry views/index.jade
38 silly gunzTarPerm extractEntry views/layout.jade
39 silly gunzTarPerm extractEntry views/partners.jade
40 silly gunzTarPerm extractEntry views/ptw2013.jade
41 silly gunzTarPerm extractEntry views/sponsorship/index.jade
42 silly gunzTarPerm extractEntry views/sponsorship/result.jade
43 silly gunzTarPerm extractEntry public/imgs/node-philly-partner-acavideo.png
44 silly gunzTarPerm extractEntry public/imgs/2012-08-features.png
45 silly gunzTarPerm extractEntry public/imgs/201208-feature-speak.png
46 silly gunzTarPerm extractEntry public/imgs/favicon.ico
47 silly gunzTarPerm extractEntry public/imgs/hackandhops-geeklist-header.png
48 silly gunzTarPerm extractEntry public/imgs/hackandhops-sprite.png
49 silly gunzTarPerm extractEntry public/imgs/hnh-clouds01.png
50 silly gunzTarPerm extractEntry public/imgs/hnh-clouds02.png
51 silly gunzTarPerm extractEntry public/imgs/hnh-clouds03.png
52 silly gunzTarPerm extractEntry public/imgs/hnh-snow01.png
53 silly gunzTarPerm extractEntry public/imgs/hnh-snow02.png
54 silly gunzTarPerm extractEntry public/imgs/hnh-snow03.png
55 silly gunzTarPerm extractEntry public/imgs/node-philly-formbg.png
56 silly gunzTarPerm extractEntry public/imgs/201208-feature-host.png
57 silly gunzTarPerm extractEntry public/imgs/node-philly-partner-chathamfinancial.png
58 silly gunzTarPerm extractEntry public/imgs/node-philly-partner-geeklist.png
59 silly gunzTarPerm extractEntry public/imgs/node-philly-partner-nodejitsu.png
60 silly gunzTarPerm extractEntry public/imgs/node-philly-partner-voltdb.png
61 silly gunzTarPerm extractEntry public/imgs/node-philly-partnerlow-att.png
62 silly gunzTarPerm extractEntry public/imgs/node-philly-partnerlow-geeklist.png
63 silly gunzTarPerm extractEntry public/imgs/node-philly-partnerlow-nodejs.png
64 silly gunzTarPerm extractEntry public/imgs/node-philly-partnerlow-twitter.png
65 silly gunzTarPerm extractEntry public/imgs/node-philly-sitebg.png
66 silly gunzTarPerm extractEntry public/imgs/node-philly-sponsors.png
67 silly gunzTarPerm extractEntry public/imgs/node-philly-sprite01.png
68 silly gunzTarPerm extractEntry public/imgs/nodephilly-hackandhops.png
69 silly gunzTarPerm extractEntry public/imgs/ptw2013/ninjablock.png
70 silly gunzTarPerm extractEntry public/imgs/ptw2013/nodeph-feature-ptw2013.png
71 silly gunzTarPerm extractEntry public/imgs/ptw2013/nodeph-ptw2013-bluebg.jpg
72 silly gunzTarPerm extractEntry public/imgs/ptw2013/nodeph-ptw2013-purplebg.jpg
73 silly gunzTarPerm extractEntry public/imgs/ptw2013/nodeph-ptw2013-sprite.png
74 silly gunzTarPerm extractEntry public/imgs/ptw2013/nodeph-ptw2013-sprite@2x.png
75 silly gunzTarPerm extractEntry public/imgs/ptw2013/nodeph-ptw2013-starbg.png
76 silly gunzTarPerm extractEntry public/imgs/ptw2013/nodephilly-skyline-night.png
77 silly gunzTarPerm extractEntry public/js/date.js
78 silly gunzTarPerm extractEntry public/js/events.js
79 silly gunzTarPerm extractEntry public/js/hackandhops.js
80 silly gunzTarPerm extractEntry public/js/jquery1.7.2.js
81 silly gunzTarPerm extractEntry public/js/modernizr.js
82 silly gunzTarPerm extractEntry public/js/partners.js
83 silly gunzTarPerm extractEntry public/js/readyfunctions.js
84 silly gunzTarPerm extractEntry public/js/stripepayment.js
85 silly gunzTarPerm extractEntry public/js/tinycarousel.js
86 silly gunzTarPerm extractEntry public/nodephilly-hackandhops.png
87 silly gunzTarPerm extractEntry public/stylesheets/hackandhops.css
88 silly gunzTarPerm extractEntry public/stylesheets/hackandhops.styl
89 silly gunzTarPerm extractEntry public/stylesheets/ptw2013.css
90 silly gunzTarPerm extractEntry public/stylesheets/ptw2013.styl
91 silly gunzTarPerm extractEntry public/stylesheets/style.css
92 silly gunzTarPerm extractEntry public/stylesheets/style.styl
93 silly gunzTarPerm extractEntry config_example.sh
94 silly gunzTarPerm extractEntry routes/connect.js
95 silly gunzTarPerm extractEntry routes/events.js
96 silly gunzTarPerm extractEntry routes/gallery.js
97 silly gunzTarPerm extractEntry routes/geeklist.js
98 silly gunzTarPerm extractEntry routes/hackandhops.js
99 silly gunzTarPerm extractEntry routes/index.js
100 silly gunzTarPerm extractEntry routes/partners.js
101 silly gunzTarPerm extractEntry routes/ptw2013.js
102 silly gunzTarPerm extractEntry routes/sponsorship.js
103 silly gunzTarPerm extractEntry routes/twitter.js
104 verbose read json /var/folders/1p/37g1kr5s4vq_zfcgt3gz38d86rcxw6/T/npm-69678/1380222825245-0.8501262830104679/package/package.json
105 silly lockFile 4ff39598-25245-0-8501262830104679-package /var/folders/1p/37g1kr5s4vq_zfcgt3gz38d86rcxw6/T/npm-69678/1380222825245-0.8501262830104679/package
106 verbose from cache /var/folders/1p/37g1kr5s4vq_zfcgt3gz38d86rcxw6/T/npm-69678/1380222825245-0.8501262830104679/package/package.json
107 verbose tar pack [ '/Users/bwhitham/.npm/node.ph/0.2.0-51/package.tgz',
107 verbose tar pack   '/var/folders/1p/37g1kr5s4vq_zfcgt3gz38d86rcxw6/T/npm-69678/1380222825245-0.8501262830104679/package' ]
108 verbose tarball /Users/bwhitham/.npm/node.ph/0.2.0-51/package.tgz
109 verbose folder /var/folders/1p/37g1kr5s4vq_zfcgt3gz38d86rcxw6/T/npm-69678/1380222825245-0.8501262830104679/package
110 silly lockFile 70a2f7e0-npm-node-ph-0-2-0-51-package-tgz /Users/bwhitham/.npm/node.ph/0.2.0-51/package.tgz
111 verbose lock /Users/bwhitham/.npm/node.ph/0.2.0-51/package.tgz /Users/bwhitham/.npm/70a2f7e0-npm-node-ph-0-2-0-51-package-tgz.lock
112 silly lockFile 70a2f7e0-npm-node-ph-0-2-0-51-package-tgz /Users/bwhitham/.npm/node.ph/0.2.0-51/package.tgz
113 silly lockFile 0d856e3f-ham-npm-node-ph-0-2-0-51-package /Users/bwhitham/.npm/node.ph/0.2.0-51/package
114 verbose lock /Users/bwhitham/.npm/node.ph/0.2.0-51/package /Users/bwhitham/.npm/0d856e3f-ham-npm-node-ph-0-2-0-51-package.lock
115 silly lockFile 0d856e3f-ham-npm-node-ph-0-2-0-51-package /Users/bwhitham/.npm/node.ph/0.2.0-51/package
116 verbose tar unpack /Users/bwhitham/.npm/node.ph/0.2.0-51/package.tgz
117 silly lockFile 0d856e3f-ham-npm-node-ph-0-2-0-51-package /Users/bwhitham/.npm/node.ph/0.2.0-51/package
118 verbose lock /Users/bwhitham/.npm/node.ph/0.2.0-51/package /Users/bwhitham/.npm/0d856e3f-ham-npm-node-ph-0-2-0-51-package.lock
119 silly gunzTarPerm modes [ '755', '644' ]
120 silly gunzTarPerm extractEntry package.json
121 silly gunzTarPerm extractEntry .npmignore
122 silly gunzTarPerm extractEntry README.md
123 silly gunzTarPerm extractEntry app.js
124 silly gunzTarPerm extractEntry config_example.sh
125 silly gunzTarPerm extractEntry data/events.json
126 silly gunzTarPerm extractEntry lib/logger.js
127 silly gunzTarPerm extractEntry public/imgs/node-philly-partner-acavideo.png
128 silly gunzTarPerm extractEntry public/imgs/2012-08-features.png
129 silly gunzTarPerm extractEntry public/imgs/201208-feature-speak.png
130 silly gunzTarPerm extractEntry public/imgs/favicon.ico
131 silly gunzTarPerm extractEntry public/imgs/hackandhops-geeklist-header.png
132 silly gunzTarPerm extractEntry public/imgs/hackandhops-sprite.png
133 silly gunzTarPerm extractEntry public/imgs/hnh-clouds01.png
134 silly gunzTarPerm extractEntry public/imgs/hnh-clouds02.png
135 silly gunzTarPerm extractEntry public/imgs/hnh-clouds03.png
136 silly gunzTarPerm extractEntry public/imgs/hnh-snow01.png
137 silly gunzTarPerm extractEntry public/imgs/hnh-snow02.png
138 silly gunzTarPerm extractEntry public/imgs/hnh-snow03.png
139 silly gunzTarPerm extractEntry public/imgs/node-philly-formbg.png
140 silly gunzTarPerm extractEntry public/imgs/201208-feature-host.png
141 silly gunzTarPerm extractEntry public/imgs/node-philly-partner-chathamfinancial.png
142 silly gunzTarPerm extractEntry public/imgs/node-philly-partner-geeklist.png
143 silly gunzTarPerm extractEntry public/imgs/node-philly-partner-nodejitsu.png
144 silly gunzTarPerm extractEntry public/imgs/node-philly-partner-voltdb.png
145 silly gunzTarPerm extractEntry public/imgs/node-philly-partnerlow-att.png
146 silly gunzTarPerm extractEntry public/imgs/node-philly-partnerlow-geeklist.png
147 silly gunzTarPerm extractEntry public/imgs/node-philly-partnerlow-nodejs.png
148 silly gunzTarPerm extractEntry public/imgs/node-philly-partnerlow-twitter.png
149 silly gunzTarPerm extractEntry public/imgs/node-philly-sitebg.png
150 silly gunzTarPerm extractEntry public/imgs/node-philly-sponsors.png
151 silly gunzTarPerm extractEntry public/imgs/node-philly-sprite01.png
152 silly gunzTarPerm extractEntry public/imgs/nodephilly-hackandhops.png
153 silly gunzTarPerm extractEntry public/imgs/ptw2013/ninjablock.png
154 silly gunzTarPerm extractEntry public/imgs/ptw2013/nodeph-feature-ptw2013.png
155 silly gunzTarPerm extractEntry public/imgs/ptw2013/nodeph-ptw2013-bluebg.jpg
156 silly gunzTarPerm extractEntry public/imgs/ptw2013/nodeph-ptw2013-purplebg.jpg
157 silly gunzTarPerm extractEntry public/imgs/ptw2013/nodeph-ptw2013-sprite.png
158 silly gunzTarPerm extractEntry public/imgs/ptw2013/nodeph-ptw2013-sprite@2x.png
159 silly gunzTarPerm extractEntry public/imgs/ptw2013/nodeph-ptw2013-starbg.png
160 silly gunzTarPerm extractEntry public/imgs/ptw2013/nodephilly-skyline-night.png
161 silly gunzTarPerm extractEntry public/js/date.js
162 silly gunzTarPerm extractEntry public/js/events.js
163 silly gunzTarPerm extractEntry public/js/hackandhops.js
164 silly gunzTarPerm extractEntry public/js/jquery1.7.2.js
165 silly gunzTarPerm extractEntry public/js/modernizr.js
166 silly gunzTarPerm extractEntry public/js/partners.js
167 silly gunzTarPerm extractEntry public/js/readyfunctions.js
168 silly gunzTarPerm extractEntry public/js/stripepayment.js
169 silly gunzTarPerm extractEntry public/js/tinycarousel.js
170 silly gunzTarPerm extractEntry public/nodephilly-hackandhops.png
171 silly gunzTarPerm extractEntry public/stylesheets/hackandhops.css
172 silly gunzTarPerm extractEntry public/stylesheets/hackandhops.styl
173 silly gunzTarPerm extractEntry public/stylesheets/ptw2013.css
174 silly gunzTarPerm extractEntry public/stylesheets/ptw2013.styl
175 silly gunzTarPerm extractEntry public/stylesheets/style.css
176 silly gunzTarPerm extractEntry public/stylesheets/style.styl
177 silly gunzTarPerm extractEntry routes/connect.js
178 silly gunzTarPerm extractEntry routes/events.js
179 silly gunzTarPerm extractEntry routes/gallery.js
180 silly gunzTarPerm extractEntry routes/geeklist.js
181 silly gunzTarPerm extractEntry routes/hackandhops.js
182 silly gunzTarPerm extractEntry routes/index.js
183 silly gunzTarPerm extractEntry routes/partners.js
184 silly gunzTarPerm extractEntry routes/ptw2013.js
185 silly gunzTarPerm extractEntry routes/sponsorship.js
186 silly gunzTarPerm extractEntry routes/twitter.js
187 silly gunzTarPerm extractEntry views/blog/category.jade
188 silly gunzTarPerm extractEntry views/blog/page.jade
189 silly gunzTarPerm extractEntry views/blog/post.jade
190 silly gunzTarPerm extractEntry views/blog/tag.jade
191 silly gunzTarPerm extractEntry views/connect.jade
192 silly gunzTarPerm extractEntry views/events.jade
193 silly gunzTarPerm extractEntry views/gallery.jade
194 silly gunzTarPerm extractEntry views/hackandhops.jade
195 silly gunzTarPerm extractEntry views/index.jade
196 silly gunzTarPerm extractEntry views/layout.jade
197 silly gunzTarPerm extractEntry views/partners.jade
198 silly gunzTarPerm extractEntry views/ptw2013.jade
199 silly gunzTarPerm extractEntry views/sponsorship/index.jade
200 silly gunzTarPerm extractEntry views/sponsorship/result.jade
201 verbose read json /Users/bwhitham/.npm/node.ph/0.2.0-51/package/package.json
202 silly lockFile 0d856e3f-ham-npm-node-ph-0-2-0-51-package /Users/bwhitham/.npm/node.ph/0.2.0-51/package
203 silly shasum updated bytes 40960
204 silly shasum updated bytes 40960
205 silly shasum updated bytes 40960
206 silly shasum updated bytes 40960
207 silly shasum updated bytes 40960
208 silly shasum updated bytes 40960
209 silly shasum updated bytes 40960
210 silly shasum updated bytes 40960
211 silly shasum updated bytes 40960
212 silly shasum updated bytes 40960
213 silly shasum updated bytes 40960
214 silly shasum updated bytes 40960
215 silly shasum updated bytes 40960
216 silly shasum updated bytes 40960
217 silly shasum updated bytes 40960
218 silly shasum updated bytes 40960
219 silly shasum updated bytes 40960
220 silly shasum updated bytes 40960
221 silly shasum updated bytes 40960
222 silly shasum updated bytes 40960
223 silly shasum updated bytes 40960
224 silly shasum updated bytes 40960
225 silly shasum updated bytes 40960
226 silly shasum updated bytes 40960
227 silly shasum updated bytes 40960
228 silly shasum updated bytes 40960
229 silly shasum updated bytes 40960
230 silly shasum updated bytes 40960
231 silly shasum updated bytes 40960
232 silly shasum updated bytes 40960
233 silly shasum updated bytes 40960
234 silly shasum updated bytes 40960
235 silly shasum updated bytes 40960
236 silly shasum updated bytes 40960
237 silly shasum updated bytes 40960
238 silly shasum updated bytes 40960
239 silly shasum updated bytes 40960
240 silly shasum updated bytes 40960
241 silly shasum updated bytes 40960
242 silly shasum updated bytes 40960
243 silly shasum updated bytes 40960
244 silly shasum updated bytes 40960
245 silly shasum updated bytes 40960
246 silly shasum updated bytes 40960
247 silly shasum updated bytes 40960
248 silly shasum updated bytes 40960
249 silly shasum updated bytes 40960
250 silly shasum updated bytes 40960
251 silly shasum updated bytes 40960
252 silly shasum updated bytes 40960
253 silly shasum updated bytes 40960
254 silly shasum updated bytes 40960
255 silly shasum updated bytes 40960
256 silly shasum updated bytes 40960
257 silly shasum updated bytes 40960
258 silly shasum updated bytes 40960
259 silly shasum updated bytes 40960
260 silly shasum updated bytes 40960
261 silly shasum updated bytes 40960
262 silly shasum updated bytes 40960
263 silly shasum updated bytes 40960
264 silly shasum updated bytes 40960
265 silly shasum updated bytes 40960
266 silly shasum updated bytes 40960
267 silly shasum updated bytes 40960
268 silly shasum updated bytes 40960
269 silly shasum updated bytes 40960
270 silly shasum updated bytes 40960
271 silly shasum updated bytes 40960
272 silly shasum updated bytes 40960
273 silly shasum updated bytes 40960
274 silly shasum updated bytes 40960
275 silly shasum updated bytes 40960
276 silly shasum updated bytes 40960
277 silly shasum updated bytes 40960
278 silly shasum updated bytes 40960
279 silly shasum updated bytes 40960
280 silly shasum updated bytes 40960
281 silly shasum updated bytes 40960
282 silly shasum updated bytes 40960
283 silly shasum updated bytes 40960
284 silly shasum updated bytes 40960
285 silly shasum updated bytes 40960
286 silly shasum updated bytes 40960
287 silly shasum updated bytes 40960
288 silly shasum updated bytes 40960
289 silly shasum updated bytes 40960
290 silly shasum updated bytes 40960
291 silly shasum updated bytes 40960
292 silly shasum updated bytes 40960
293 silly shasum updated bytes 40960
294 silly shasum updated bytes 40960
295 silly shasum updated bytes 40960
296 silly shasum updated bytes 40960
297 silly shasum updated bytes 40960
298 silly shasum updated bytes 40960
299 silly shasum updated bytes 40960
300 silly shasum updated bytes 40960
301 silly shasum updated bytes 40960
302 silly shasum updated bytes 40960
303 silly shasum updated bytes 40960
304 silly shasum updated bytes 40960
305 silly shasum updated bytes 40960
306 silly shasum updated bytes 40960
307 silly shasum updated bytes 40960
308 silly shasum updated bytes 40960
309 silly shasum updated bytes 40960
310 silly shasum updated bytes 40960
311 silly shasum updated bytes 40960
312 silly shasum updated bytes 40960
313 silly shasum updated bytes 40960
314 silly shasum updated bytes 40960
315 silly shasum updated bytes 40960
316 silly shasum updated bytes 40960
317 silly shasum updated bytes 40960
318 silly shasum updated bytes 40960
319 silly shasum updated bytes 40960
320 silly shasum updated bytes 40960
321 silly shasum updated bytes 40960
322 silly shasum updated bytes 40960
323 silly shasum updated bytes 40960
324 silly shasum updated bytes 40960
325 silly shasum updated bytes 40960
326 silly shasum updated bytes 40960
327 silly shasum updated bytes 40960
328 silly shasum updated bytes 40960
329 silly shasum updated bytes 40960
330 silly shasum updated bytes 40960
331 silly shasum updated bytes 40960
332 silly shasum updated bytes 40960
333 silly shasum updated bytes 40960
334 silly shasum updated bytes 13738
335 info shasum 9c7d12980cbc45645f7f49a295581562ee91c95e
335 info shasum /Users/bwhitham/.npm/node.ph/0.2.0-51/package.tgz
336 verbose from cache /Users/bwhitham/.npm/node.ph/0.2.0-51/package/package.json
337 verbose chmod /Users/bwhitham/.npm/node.ph/0.2.0-51/package.tgz 644
338 verbose chown /Users/bwhitham/.npm/node.ph/0.2.0-51/package.tgz [ 226916230, 316297446 ]
339 silly lockFile 3a52ce78- .
340 silly resolved [ { name: 'node.ph',
340 silly resolved     version: '0.2.0-51',
340 silly resolved     private: true,
340 silly resolved     dependencies:
340 silly resolved      { express: '2.5.7',
340 silly resolved        stylus: '0.28.0',
340 silly resolved        jade: '0.26.3',
340 silly resolved        twitterfeed: '0.1.1',
340 silly resolved        async: '0.1.22',
340 silly resolved        geeklist: 'https://github.com/timsavery/node-geeklist/archive/master.tar.gz',
340 silly resolved        nodemailer: '0.3.22',
340 silly resolved        nano: '3.3.0',
340 silly resolved        poet: '0.2.x',
340 silly resolved        stripe: '1.3.0',
340 silly resolved        winston: '0.6.x' },
340 silly resolved     subdomain: 'nodephilly',
340 silly resolved     domains: [ 'www.node.ph', 'node.ph' ],
340 silly resolved     scripts: { start: 'app.js' },
340 silly resolved     engines: { node: '0.8.x' },
340 silly resolved     repository:
340 silly resolved      { type: 'git',
340 silly resolved        url: 'https://github.com/NodePhilly/nodeph-website.git' },
340 silly resolved     readme: '<h1>Node Philly\'s new site announcing the new brand.</h1>\n<h1>Version: 1.0</h1>\n\n<h1>Things included in this site…</h1>\n\nNode.js sweetness: Check<br>\nUber-productive Jade and Stylus: Check<br>\nSuper trendy retro design: Check<br>\nCSS tooltips: Check<br>\nFlashy transitions: Check<br>\nLightweight carousels: Check<br>\nSnobby, blatant disregard for small monitors and fallback solutions: Check Check<br>\n\n<h1>Contributors</h1>\n<a href="http://www.twitter.com/bwhitham" target="_blank">@bwhitham</a>\n<a href="http://www.twitter.com/timsavery" target="_blank">@timsavery</a>\n<a href="http://www.twitter.com/mrkeithelliott" target="_blank">@mrkeithelliott</a>\n<a href="http://www.twitter.com/wil_wang" target="_blank">@wil_wang</a>',
340 silly resolved     _id: 'node.ph@0.2.0-51',
340 silly resolved     description: '<h1>Node Philly\'s new site announcing the new brand.</h1> <h1>Version: 1.0</h1>',
340 silly resolved     dist: { shasum: '9c7d12980cbc45645f7f49a295581562ee91c95e' },
340 silly resolved     _from: '.' } ]
341 info install node.ph@0.2.0-51 into /usr/local/lib
342 info installOne node.ph@0.2.0-51
343 verbose from cache /Users/bwhitham/.npm/node.ph/0.2.0-51/package/package.json
344 info /usr/local/lib/node_modules/node.ph unbuild
345 verbose read json /usr/local/lib/node_modules/node.ph/package.json
346 verbose tar unpack /Users/bwhitham/.npm/node.ph/0.2.0-51/package.tgz
347 silly lockFile 1b503b7e-r-local-lib-node-modules-node-ph /usr/local/lib/node_modules/node.ph
348 verbose lock /usr/local/lib/node_modules/node.ph /Users/bwhitham/.npm/1b503b7e-r-local-lib-node-modules-node-ph.lock
349 silly gunzTarPerm modes [ '755', '644' ]
350 error Error: EACCES, mkdir '/usr/local/lib/node_modules/node.ph'
350 error  { [Error: EACCES, mkdir '/usr/local/lib/node_modules/node.ph']
350 error   errno: 3,
350 error   code: 'EACCES',
350 error   path: '/usr/local/lib/node_modules/node.ph',
350 error   fstream_type: 'Directory',
350 error   fstream_path: '/usr/local/lib/node_modules/node.ph',
350 error   fstream_class: 'DirWriter',
350 error   fstream_stack:
350 error    [ 'DirWriter._create (/usr/local/lib/node_modules/npm/node_modules/fstream/lib/dir-writer.js:36:23)',
350 error      '/usr/local/lib/node_modules/npm/node_modules/mkdirp/index.js:37:53',
350 error      'Object.oncomplete (fs.js:297:15)' ] }
351 error Please try running this command again as root/Administrator.
352 error System Darwin 12.5.0
353 error command "node" "/usr/local/bin/npm" "install" "-g"
354 error cwd /Users/bwhitham/Sites/nodeph-website
355 error node -v v0.8.9
356 error npm -v 1.1.61
357 error path /usr/local/lib/node_modules/node.ph
358 error fstream_path /usr/local/lib/node_modules/node.ph
359 error fstream_type Directory
360 error fstream_class DirWriter
361 error code EACCES
362 error errno 3
363 error stack Error: EACCES, mkdir '/usr/local/lib/node_modules/node.ph'
364 error fstream_stack DirWriter._create (/usr/local/lib/node_modules/npm/node_modules/fstream/lib/dir-writer.js:36:23)
364 error fstream_stack /usr/local/lib/node_modules/npm/node_modules/mkdirp/index.js:37:53
364 error fstream_stack Object.oncomplete (fs.js:297:15)
365 verbose exit [ 3, true ]
